2024-06-23 22:48:07,177 - INFO - Training the custom model
2024-06-23 22:48:30,959 - INFO - Training the custom model
2024-06-23 23:08:32,942 - DEBUG - Custom Model Training Losses: [1.3604243993759155, 1.185210108757019, 1.0341442823410034, 0.89195317029953, 0.766992449760437, 0.657185971736908, 0.5488891005516052, 0.46451473236083984, 0.39515453577041626, 0.3266702890396118]
2024-06-23 23:08:32,971 - DEBUG - Custom Model Validation Losses: [0.789711058139801, 0.8329135179519653, 0.688041627407074, 0.575164794921875, 0.7230637669563293, 0.4740336537361145, 0.4509570300579071, 0.653773844242096, 0.43943530321121216, 0.49437302350997925]
2024-06-23 23:08:32,972 - DEBUG - Custom Model Training Accuracies: [0.4036521911621094, 0.5016044974327087, 0.5835115909576416, 0.6544926762580872, 0.7083588242530823, 0.7583282589912415, 0.8044009804725647, 0.8399296998977661, 0.8670538067817688, 0.8917328715324402]
2024-06-23 23:08:32,972 - DEBUG - Custom Model Validation Accuracies: [0.625, 0.5625, 0.625, 0.78125, 0.625, 0.78125, 0.8125, 0.6875, 0.8125, 0.8125]
2024-06-23 23:08:32,972 - INFO - Training resnet18
2024-06-23 23:08:32,973 - INFO - Epoch 1/10
2024-06-23 23:08:32,973 - DEBUG - Running training phase for epoch 1
2024-06-23 23:10:44,357 - INFO - train Loss: 1.3628 Acc: 0.4228
2024-06-23 23:10:44,357 - DEBUG - Running validation phase for epoch 1
2024-06-23 23:10:52,425 - INFO - val Loss: 1.3147 Acc: 0.4241
2024-06-23 23:10:52,425 - INFO - Epoch 2/10
2024-06-23 23:10:52,425 - DEBUG - Running training phase for epoch 2
2024-06-23 23:13:02,102 - INFO - train Loss: 1.1842 Acc: 0.5180
2024-06-23 23:13:02,103 - DEBUG - Running validation phase for epoch 2
2024-06-23 23:13:09,864 - INFO - val Loss: 1.4815 Acc: 0.4611
2024-06-23 23:13:09,865 - INFO - Epoch 3/10
2024-06-23 23:13:09,865 - DEBUG - Running training phase for epoch 3
2024-06-23 23:15:18,553 - INFO - train Loss: 1.0416 Acc: 0.5920
2024-06-23 23:15:18,554 - DEBUG - Running validation phase for epoch 3
2024-06-23 23:15:26,642 - INFO - val Loss: 1.0332 Acc: 0.6031
2024-06-23 23:15:26,644 - INFO - Epoch 4/10
2024-06-23 23:15:26,644 - DEBUG - Running training phase for epoch 4
2024-06-23 23:17:37,402 - INFO - train Loss: 0.9439 Acc: 0.6429
2024-06-23 23:17:37,402 - DEBUG - Running validation phase for epoch 4
2024-06-23 23:17:45,283 - INFO - val Loss: 0.9332 Acc: 0.6293
2024-06-23 23:17:45,284 - INFO - Epoch 5/10
2024-06-23 23:17:45,284 - DEBUG - Running training phase for epoch 5
2024-06-23 23:20:00,088 - INFO - train Loss: 0.7906 Acc: 0.7076
2024-06-23 23:20:00,088 - DEBUG - Running validation phase for epoch 5
2024-06-23 23:20:08,055 - INFO - val Loss: 0.7699 Acc: 0.7099
2024-06-23 23:20:08,058 - INFO - Epoch 6/10
2024-06-23 23:20:08,058 - DEBUG - Running training phase for epoch 6
2024-06-23 23:22:22,355 - INFO - train Loss: 0.5726 Acc: 0.7895
2024-06-23 23:22:22,356 - DEBUG - Running validation phase for epoch 6
2024-06-23 23:22:30,896 - INFO - val Loss: 0.7130 Acc: 0.7319
2024-06-23 23:22:30,897 - INFO - Epoch 7/10
2024-06-23 23:22:30,897 - DEBUG - Running training phase for epoch 7
2024-06-23 23:24:42,283 - INFO - train Loss: 0.4401 Acc: 0.8431
2024-06-23 23:24:42,284 - DEBUG - Running validation phase for epoch 7
2024-06-23 23:24:50,575 - INFO - val Loss: 0.6924 Acc: 0.7499
2024-06-23 23:24:50,575 - INFO - Epoch 8/10
2024-06-23 23:24:50,575 - DEBUG - Running training phase for epoch 8
2024-06-23 23:27:05,292 - INFO - train Loss: 0.3740 Acc: 0.8674
2024-06-23 23:27:05,292 - DEBUG - Running validation phase for epoch 8
2024-06-23 23:27:12,940 - INFO - val Loss: 0.6524 Acc: 0.7893
2024-06-23 23:27:12,942 - INFO - Epoch 9/10
2024-06-23 23:27:12,942 - DEBUG - Running training phase for epoch 9
2024-06-23 23:29:24,784 - INFO - train Loss: 0.3119 Acc: 0.8918
2024-06-23 23:29:24,784 - DEBUG - Running validation phase for epoch 9
2024-06-23 23:29:32,824 - INFO - val Loss: 0.6034 Acc: 0.8061
2024-06-23 23:29:32,826 - INFO - Epoch 10/10
2024-06-23 23:29:32,826 - DEBUG - Running training phase for epoch 10
2024-06-23 23:31:41,578 - INFO - train Loss: 0.2445 Acc: 0.9153
2024-06-23 23:31:41,579 - DEBUG - Running validation phase for epoch 10
2024-06-23 23:31:50,104 - INFO - val Loss: 0.6587 Acc: 0.7786
2024-06-23 23:31:50,105 - INFO - Training mobilenet_v3_small
2024-06-23 23:31:50,106 - INFO - Epoch 1/10
2024-06-23 23:31:50,106 - DEBUG - Running training phase for epoch 1
2024-06-23 23:32:22,279 - INFO - train Loss: 1.3597 Acc: 0.4203
2024-06-23 23:32:22,280 - DEBUG - Running validation phase for epoch 1
2024-06-23 23:32:24,921 - INFO - val Loss: 1.2374 Acc: 0.4989
2024-06-23 23:32:24,921 - INFO - Epoch 2/10
2024-06-23 23:32:24,921 - DEBUG - Running training phase for epoch 2
2024-06-23 23:32:57,349 - INFO - train Loss: 1.1264 Acc: 0.5350
2024-06-23 23:32:57,350 - DEBUG - Running validation phase for epoch 2
2024-06-23 23:33:00,030 - INFO - val Loss: 1.0285 Acc: 0.5768
2024-06-23 23:33:00,030 - INFO - Epoch 3/10
2024-06-23 23:33:00,030 - DEBUG - Running training phase for epoch 3
2024-06-23 23:33:31,915 - INFO - train Loss: 0.9558 Acc: 0.6234
2024-06-23 23:33:31,916 - DEBUG - Running validation phase for epoch 3
2024-06-23 23:33:34,647 - INFO - val Loss: 0.9415 Acc: 0.6208
2024-06-23 23:33:34,648 - INFO - Epoch 4/10
2024-06-23 23:33:34,648 - DEBUG - Running training phase for epoch 4
2024-06-23 23:34:07,635 - INFO - train Loss: 0.7855 Acc: 0.6948
2024-06-23 23:34:07,636 - DEBUG - Running validation phase for epoch 4
2024-06-23 23:34:10,765 - INFO - val Loss: 0.8752 Acc: 0.6647
2024-06-23 23:34:10,766 - INFO - Epoch 5/10
2024-06-23 23:34:10,766 - DEBUG - Running training phase for epoch 5
2024-06-23 23:34:43,314 - INFO - train Loss: 0.6814 Acc: 0.7391
2024-06-23 23:34:43,315 - DEBUG - Running validation phase for epoch 5
2024-06-23 23:34:46,144 - INFO - val Loss: 0.7549 Acc: 0.7118
2024-06-23 23:34:46,145 - INFO - Epoch 6/10
2024-06-23 23:34:46,145 - DEBUG - Running training phase for epoch 6
2024-06-23 23:35:19,694 - INFO - train Loss: 0.5630 Acc: 0.7874
2024-06-23 23:35:19,695 - DEBUG - Running validation phase for epoch 6
2024-06-23 23:35:22,455 - INFO - val Loss: 0.7029 Acc: 0.7472
2024-06-23 23:35:22,456 - INFO - Epoch 7/10
2024-06-23 23:35:22,456 - DEBUG - Running training phase for epoch 7
2024-06-23 23:35:56,052 - INFO - train Loss: 0.4703 Acc: 0.8277
2024-06-23 23:35:56,053 - DEBUG - Running validation phase for epoch 7
2024-06-23 23:35:58,551 - INFO - val Loss: 0.6457 Acc: 0.7832
2024-06-23 23:35:58,552 - INFO - Epoch 8/10
2024-06-23 23:35:58,552 - DEBUG - Running training phase for epoch 8
2024-06-23 23:36:30,215 - INFO - train Loss: 0.4181 Acc: 0.8447
2024-06-23 23:36:30,216 - DEBUG - Running validation phase for epoch 8
2024-06-23 23:36:32,853 - INFO - val Loss: 0.6578 Acc: 0.7753
2024-06-23 23:36:32,854 - INFO - Epoch 9/10
2024-06-23 23:36:32,854 - DEBUG - Running training phase for epoch 9
2024-06-23 23:37:03,693 - INFO - train Loss: 0.3718 Acc: 0.8657
2024-06-23 23:37:03,695 - DEBUG - Running validation phase for epoch 9
2024-06-23 23:37:06,315 - INFO - val Loss: 0.6072 Acc: 0.7853
2024-06-23 23:37:06,315 - INFO - Epoch 10/10
2024-06-23 23:37:06,315 - DEBUG - Running training phase for epoch 10
2024-06-23 23:37:38,563 - INFO - train Loss: 0.3251 Acc: 0.8842
2024-06-23 23:37:38,564 - DEBUG - Running validation phase for epoch 10
2024-06-23 23:37:41,124 - INFO - val Loss: 0.5316 Acc: 0.8064
2024-06-23 23:37:41,125 - INFO - Training densenet121
2024-06-23 23:37:41,127 - INFO - Epoch 1/10
2024-06-23 23:37:41,127 - DEBUG - Running training phase for epoch 1
2024-06-23 23:40:09,134 - INFO - train Loss: 1.3699 Acc: 0.4205
2024-06-23 23:40:09,135 - DEBUG - Running validation phase for epoch 1
2024-06-23 23:40:22,274 - INFO - val Loss: 1.3372 Acc: 0.4724
2024-06-23 23:40:22,275 - INFO - Epoch 2/10
2024-06-23 23:40:22,275 - DEBUG - Running training phase for epoch 2
2024-06-23 23:42:48,208 - INFO - train Loss: 1.1919 Acc: 0.5006
2024-06-23 23:42:48,214 - DEBUG - Running validation phase for epoch 2
2024-06-23 23:43:00,702 - INFO - val Loss: 1.1285 Acc: 0.5344
2024-06-23 23:43:00,703 - INFO - Epoch 3/10
2024-06-23 23:43:00,703 - DEBUG - Running training phase for epoch 3
2024-06-23 23:45:26,087 - INFO - train Loss: 1.0590 Acc: 0.5736
2024-06-23 23:45:26,089 - DEBUG - Running validation phase for epoch 3
2024-06-23 23:45:39,057 - INFO - val Loss: 0.9980 Acc: 0.6122
2024-06-23 23:45:39,057 - INFO - Epoch 4/10
2024-06-23 23:45:39,057 - DEBUG - Running training phase for epoch 4
2024-06-23 23:48:03,885 - INFO - train Loss: 0.9134 Acc: 0.6351
2024-06-23 23:48:03,887 - DEBUG - Running validation phase for epoch 4
2024-06-23 23:48:16,633 - INFO - val Loss: 1.0576 Acc: 0.5902
2024-06-23 23:48:16,634 - INFO - Epoch 5/10
2024-06-23 23:48:16,634 - DEBUG - Running training phase for epoch 5
2024-06-23 23:50:42,249 - INFO - train Loss: 0.7989 Acc: 0.6924
2024-06-23 23:50:42,250 - DEBUG - Running validation phase for epoch 5
2024-06-23 23:50:55,168 - INFO - val Loss: 0.7857 Acc: 0.6876
2024-06-23 23:50:55,169 - INFO - Epoch 6/10
2024-06-23 23:50:55,169 - DEBUG - Running training phase for epoch 6
2024-06-23 23:53:25,182 - INFO - train Loss: 0.6553 Acc: 0.7527
2024-06-23 23:53:25,187 - DEBUG - Running validation phase for epoch 6
2024-06-23 23:53:37,508 - INFO - val Loss: 1.1493 Acc: 0.5850
2024-06-23 23:53:37,509 - INFO - Epoch 7/10
2024-06-23 23:53:37,509 - DEBUG - Running training phase for epoch 7
2024-06-23 23:56:06,776 - INFO - train Loss: 0.6095 Acc: 0.7734
2024-06-23 23:56:06,778 - DEBUG - Running validation phase for epoch 7
2024-06-23 23:56:19,012 - INFO - val Loss: 0.7005 Acc: 0.7383
2024-06-23 23:56:19,012 - INFO - Epoch 8/10
2024-06-23 23:56:19,012 - DEBUG - Running training phase for epoch 8
2024-06-23 23:58:48,042 - INFO - train Loss: 0.4767 Acc: 0.8258
2024-06-23 23:58:48,045 - DEBUG - Running validation phase for epoch 8
2024-06-23 23:59:00,696 - INFO - val Loss: 0.6525 Acc: 0.7609
2024-06-23 23:59:00,696 - INFO - Epoch 9/10
2024-06-23 23:59:00,696 - DEBUG - Running training phase for epoch 9
2024-06-24 00:01:29,395 - INFO - train Loss: 0.4032 Acc: 0.8521
2024-06-24 00:01:29,396 - DEBUG - Running validation phase for epoch 9
2024-06-24 00:01:42,746 - INFO - val Loss: 0.6287 Acc: 0.7786
2024-06-24 00:01:42,747 - INFO - Epoch 10/10
2024-06-24 00:01:42,747 - DEBUG - Running training phase for epoch 10
2024-06-24 00:04:10,560 - INFO - train Loss: 0.3393 Acc: 0.8800
2024-06-24 00:04:10,561 - DEBUG - Running validation phase for epoch 10
2024-06-24 00:04:23,692 - INFO - val Loss: 0.5731 Acc: 0.7939
2024-06-24 00:04:23,693 - INFO - Training completed
2024-06-24 00:04:23,693 - DEBUG - Training Losses: {"resnet18": [1.3628308163103122, 1.1842269509418166, 1.0416373708736926, 0.9438908840415402, 0.790586186318854, 0.5726033348928591, 0.44012373035910696, 0.3740270525556366, 0.3118863556882186, 0.24452537051235154], "mobilenet_v3_small": [1.3596734059925448, 1.1263748384135979, 0.9557750157478468, 0.7855481908193308, 0.6813545025286759, 0.5629952128370551, 0.4702513884293839, 0.4181341167994523, 0.3718345149767411, 0.32511221929613787], "densenet121": [1.3698799786761162, 1.1919229677893621, 1.0589845581306825, 0.9133573447017461, 0.7988579649743781, 0.6552629795742698, 0.6095081247583451, 0.47674298170184565, 0.4031701505416453, 0.3392675672088832], "custom": [1.3604243993759155, 1.185210108757019, 1.0341442823410034, 0.89195317029953, 0.766992449760437, 0.657185971736908, 0.5488891005516052, 0.46451473236083984, 0.39515453577041626, 0.3266702890396118]}
2024-06-24 00:04:23,693 - DEBUG - Validation Losses: {"resnet18": [1.314665265774909, 1.4815437995386487, 1.0331877409228842, 0.9331800941292566, 0.769914756840422, 0.7130264973094446, 0.6923508765679279, 0.6524073601861037, 0.6034370711832556, 0.6587066615810832], "mobilenet_v3_small": [1.2374464444531739, 1.028533671430049, 0.9415198886303501, 0.8751729937910123, 0.7548955588304359, 0.7029381607871019, 0.6457266441010336, 0.6577572810194875, 0.6072112869124376, 0.5315655087059691], "densenet121": [1.3371811047037139, 1.1285307698213418, 0.9980228562391441, 1.0576269488480254, 0.7856787579842196, 1.1493373893781473, 0.7005011484641155, 0.6525371688740854, 0.628684725015218, 0.5731319957016079], "custom": [0.789711058139801, 0.8329135179519653, 0.688041627407074, 0.575164794921875, 0.7230637669563293, 0.4740336537361145, 0.4509570300579071, 0.653773844242096, 0.43943530321121216, 0.49437302350997925]}
2024-06-24 00:04:23,693 - DEBUG - Training Accuracies: {"resnet18": [0.4227859708107282, 0.5179949568273859, 0.5919614885000382, 0.6428516848781233, 0.7076488117979675, 0.78948574921678, 0.8431267670207075, 0.8674256896156491, 0.8918010239168641, 0.9153358294490715], "mobilenet_v3_small": [0.4203407962099794, 0.534958355620081, 0.6233666997784061, 0.694811645144036, 0.7390540230763353, 0.7874226331473981, 0.8276916023534806, 0.8446550011461756, 0.8657446320776343, 0.884159853289524], "densenet121": [0.4204936196225262, 0.5006494995033239, 0.573622678994422, 0.6351341025445099, 0.6924428822495606, 0.7526553067930006, 0.7734392908993658, 0.8257813096966455, 0.8521433483609689, 0.8800336211507603], "custom": [0.4036521911621094, 0.5016044974327087, 0.5835115909576416, 0.6544926762580872, 0.7083588242530823, 0.7583282589912415, 0.8044009804725647, 0.8399296998977661, 0.8670538067817688, 0.8917328715324402]}
2024-06-24 00:04:23,693 - DEBUG - Validation Accuracies: {"resnet18": [0.42412213740458016, 0.46106870229007635, 0.6030534351145038, 0.6293129770992366, 0.7099236641221374, 0.7319083969465648, 0.7499236641221374, 0.7893129770992366, 0.8061068702290076, 0.7786259541984732], "mobilenet_v3_small": [0.49893129770992367, 0.576793893129771, 0.620763358778626, 0.6647328244274809, 0.7117557251908397, 0.747175572519084, 0.783206106870229, 0.7752671755725191, 0.7853435114503817, 0.806412213740458], "densenet121": [0.4723664122137405, 0.5343511450381679, 0.6122137404580152, 0.5902290076335878, 0.6876335877862595, 0.5850381679389313, 0.7383206106870229, 0.7609160305343512, 0.7786259541984732, 0.7938931297709924], "custom": [0.625, 0.5625, 0.625, 0.78125, 0.625, 0.78125, 0.8125, 0.6875, 0.8125, 0.8125]}
2024-06-24 00:04:23,693 - DEBUG - Saving the models
2024-06-24 14:35:04,839 - INFO - Training the custom model
2024-06-24 14:52:47,950 - DEBUG - Custom Model Training Losses: [1.3866623640060425, 1.2242882251739502, 1.0766593217849731, 0.9566929340362549, 0.7969467043876648, 0.6679645776748657, 0.5687010884284973, 0.4903707206249237, 0.41395971179008484, 0.35260558128356934]
2024-06-24 14:52:47,950 - DEBUG - Custom Model Validation Losses: [1.1557841300964355, 0.968687117099762, 0.88237065076828, 0.5866213440895081, 0.4949191212654114, 0.5052487254142761, 0.4909820258617401, 0.5313999056816101, 0.40344858169555664, 0.5106192231178284]
2024-06-24 14:52:47,950 - DEBUG - Custom Model Training Accuracies: [0.39944988489151, 0.48502445220947266, 0.5678483843803406, 0.6191167235374451, 0.6984260678291321, 0.7555776238441467, 0.798823356628418, 0.8293092846870422, 0.8578850626945496, 0.8846271634101868]
2024-06-24 14:52:47,950 - DEBUG - Custom Model Validation Accuracies: [0.4375, 0.59375, 0.71875, 0.78125, 0.78125, 0.78125, 0.75, 0.6875, 0.8125, 0.8125]
2024-06-24 14:52:47,950 - INFO - Training resnet18
2024-06-24 14:52:47,951 - INFO - Epoch 1/10
2024-06-24 14:52:47,951 - DEBUG - Running training phase for epoch 1
2024-06-24 14:54:37,907 - INFO - train Loss: 1.3791 Acc: 0.4069
2024-06-24 14:54:37,908 - DEBUG - Running validation phase for epoch 1
2024-06-24 14:54:44,546 - INFO - val Loss: 1.3438 Acc: 0.4162
2024-06-24 14:54:44,547 - INFO - Epoch 2/10
2024-06-24 14:54:44,547 - DEBUG - Running training phase for epoch 2
2024-06-24 14:56:34,939 - INFO - train Loss: 1.2424 Acc: 0.4842
2024-06-24 14:56:34,940 - DEBUG - Running validation phase for epoch 2
2024-06-24 14:56:42,026 - INFO - val Loss: 1.2096 Acc: 0.4962
2024-06-24 14:56:42,027 - INFO - Epoch 3/10
2024-06-24 14:56:42,027 - DEBUG - Running training phase for epoch 3
2024-06-24 14:58:32,225 - INFO - train Loss: 1.0812 Acc: 0.5612
2024-06-24 14:58:32,226 - DEBUG - Running validation phase for epoch 3
2024-06-24 14:58:39,568 - INFO - val Loss: 1.1419 Acc: 0.5188
2024-06-24 14:58:39,570 - INFO - Epoch 4/10
2024-06-24 14:58:39,570 - DEBUG - Running training phase for epoch 4
2024-06-24 15:00:31,411 - INFO - train Loss: 0.9345 Acc: 0.6377
2024-06-24 15:00:31,412 - DEBUG - Running validation phase for epoch 4
2024-06-24 15:00:38,327 - INFO - val Loss: 0.9464 Acc: 0.6281
2024-06-24 15:00:38,327 - INFO - Epoch 5/10
2024-06-24 15:00:38,327 - DEBUG - Running training phase for epoch 5
2024-06-24 15:02:30,147 - INFO - train Loss: 0.7217 Acc: 0.7279
2024-06-24 15:02:30,148 - DEBUG - Running validation phase for epoch 5
2024-06-24 15:02:36,707 - INFO - val Loss: 0.8936 Acc: 0.6638
2024-06-24 15:02:36,709 - INFO - Epoch 6/10
2024-06-24 15:02:36,709 - DEBUG - Running training phase for epoch 6
2024-06-24 15:04:28,504 - INFO - train Loss: 0.5760 Acc: 0.7911
2024-06-24 15:04:28,505 - DEBUG - Running validation phase for epoch 6
2024-06-24 15:04:35,585 - INFO - val Loss: 0.7421 Acc: 0.7197
2024-06-24 15:04:35,586 - INFO - Epoch 7/10
2024-06-24 15:04:35,586 - DEBUG - Running training phase for epoch 7
2024-06-24 15:06:27,267 - INFO - train Loss: 0.4987 Acc: 0.8206
2024-06-24 15:06:27,268 - DEBUG - Running validation phase for epoch 7
2024-06-24 15:06:34,048 - INFO - val Loss: 0.6799 Acc: 0.7612
2024-06-24 15:06:34,049 - INFO - Epoch 8/10
2024-06-24 15:06:34,049 - DEBUG - Running training phase for epoch 8
2024-06-24 15:08:25,556 - INFO - train Loss: 0.3685 Acc: 0.8683
2024-06-24 15:08:25,556 - DEBUG - Running validation phase for epoch 8
2024-06-24 15:08:33,017 - INFO - val Loss: 0.7389 Acc: 0.7475
2024-06-24 15:08:33,018 - INFO - Epoch 9/10
2024-06-24 15:08:33,018 - DEBUG - Running training phase for epoch 9
2024-06-24 15:10:26,627 - INFO - train Loss: 0.2938 Acc: 0.8978
2024-06-24 15:10:26,627 - DEBUG - Running validation phase for epoch 9
2024-06-24 15:10:33,673 - INFO - val Loss: 0.7423 Acc: 0.7551
2024-06-24 15:10:33,673 - INFO - Epoch 10/10
2024-06-24 15:10:33,674 - DEBUG - Running training phase for epoch 10
2024-06-24 15:12:25,122 - INFO - train Loss: 0.2543 Acc: 0.9106
2024-06-24 15:12:25,123 - DEBUG - Running validation phase for epoch 10
2024-06-24 15:12:32,009 - INFO - val Loss: 0.6649 Acc: 0.7835
2024-06-24 15:12:32,010 - INFO - Training mobilenet_v3_small
2024-06-24 15:12:32,011 - INFO - Epoch 1/10
2024-06-24 15:12:32,012 - DEBUG - Running training phase for epoch 1
2024-06-24 15:12:57,974 - INFO - train Loss: 1.3640 Acc: 0.4122
2024-06-24 15:12:57,975 - DEBUG - Running validation phase for epoch 1
2024-06-24 15:13:00,530 - INFO - val Loss: 1.2624 Acc: 0.4660
2024-06-24 15:13:00,530 - INFO - Epoch 2/10
2024-06-24 15:13:00,530 - DEBUG - Running training phase for epoch 2
2024-06-24 15:13:27,449 - INFO - train Loss: 1.1280 Acc: 0.5288
2024-06-24 15:13:27,450 - DEBUG - Running validation phase for epoch 2
2024-06-24 15:13:29,885 - INFO - val Loss: 1.0652 Acc: 0.5597
2024-06-24 15:13:29,886 - INFO - Epoch 3/10
2024-06-24 15:13:29,886 - DEBUG - Running training phase for epoch 3
2024-06-24 15:13:58,585 - INFO - train Loss: 0.9957 Acc: 0.5936
2024-06-24 15:13:58,586 - DEBUG - Running validation phase for epoch 3
2024-06-24 15:14:01,140 - INFO - val Loss: 0.9991 Acc: 0.5973
2024-06-24 15:14:01,140 - INFO - Epoch 4/10
2024-06-24 15:14:01,140 - DEBUG - Running training phase for epoch 4
2024-06-24 15:14:29,384 - INFO - train Loss: 0.8608 Acc: 0.6613
2024-06-24 15:14:29,385 - DEBUG - Running validation phase for epoch 4
2024-06-24 15:14:32,001 - INFO - val Loss: 0.8819 Acc: 0.6443
2024-06-24 15:14:32,001 - INFO - Epoch 5/10
2024-06-24 15:14:32,001 - DEBUG - Running training phase for epoch 5
2024-06-24 15:14:59,584 - INFO - train Loss: 0.7429 Acc: 0.7148
2024-06-24 15:14:59,585 - DEBUG - Running validation phase for epoch 5
2024-06-24 15:15:02,088 - INFO - val Loss: 0.7925 Acc: 0.6968
2024-06-24 15:15:02,088 - INFO - Epoch 6/10
2024-06-24 15:15:02,088 - DEBUG - Running training phase for epoch 6
2024-06-24 15:15:28,827 - INFO - train Loss: 0.6550 Acc: 0.7500
2024-06-24 15:15:28,828 - DEBUG - Running validation phase for epoch 6
2024-06-24 15:15:31,401 - INFO - val Loss: 0.8314 Acc: 0.6998
2024-06-24 15:15:31,402 - INFO - Epoch 7/10
2024-06-24 15:15:31,402 - DEBUG - Running training phase for epoch 7
2024-06-24 15:15:59,006 - INFO - train Loss: 0.5687 Acc: 0.7856
2024-06-24 15:15:59,007 - DEBUG - Running validation phase for epoch 7
2024-06-24 15:16:01,402 - INFO - val Loss: 0.7461 Acc: 0.7200
2024-06-24 15:16:01,403 - INFO - Epoch 8/10
2024-06-24 15:16:01,403 - DEBUG - Running training phase for epoch 8
2024-06-24 15:16:29,873 - INFO - train Loss: 0.5018 Acc: 0.8112
2024-06-24 15:16:29,874 - DEBUG - Running validation phase for epoch 8
2024-06-24 15:16:32,267 - INFO - val Loss: 0.8136 Acc: 0.7368
2024-06-24 15:16:32,267 - INFO - Epoch 9/10
2024-06-24 15:16:32,267 - DEBUG - Running training phase for epoch 9
2024-06-24 15:16:58,254 - INFO - train Loss: 0.4369 Acc: 0.8386
2024-06-24 15:16:58,255 - DEBUG - Running validation phase for epoch 9
2024-06-24 15:17:00,675 - INFO - val Loss: 0.6697 Acc: 0.7655
2024-06-24 15:17:00,675 - INFO - Epoch 10/10
2024-06-24 15:17:00,675 - DEBUG - Running training phase for epoch 10
2024-06-24 15:17:27,435 - INFO - train Loss: 0.3880 Acc: 0.8588
2024-06-24 15:17:27,436 - DEBUG - Running validation phase for epoch 10
2024-06-24 15:17:29,912 - INFO - val Loss: 0.6719 Acc: 0.7823
2024-06-24 15:17:29,913 - INFO - Training densenet121
2024-06-24 15:17:29,914 - INFO - Epoch 1/10
2024-06-24 15:17:29,914 - DEBUG - Running training phase for epoch 1
2024-06-24 15:19:56,389 - INFO - train Loss: 1.3412 Acc: 0.4278
2024-06-24 15:19:56,390 - DEBUG - Running validation phase for epoch 1
2024-06-24 15:20:08,610 - INFO - val Loss: 4.5810 Acc: 0.3911
2024-06-24 15:20:08,610 - INFO - Epoch 2/10
2024-06-24 15:20:08,610 - DEBUG - Running training phase for epoch 2
2024-06-24 15:22:39,799 - INFO - train Loss: 1.2241 Acc: 0.4868
2024-06-24 15:22:39,799 - DEBUG - Running validation phase for epoch 2
2024-06-24 15:22:53,635 - INFO - val Loss: 1.1611 Acc: 0.5197
2024-06-24 15:22:53,635 - INFO - Epoch 3/10
2024-06-24 15:22:53,636 - DEBUG - Running training phase for epoch 3
2024-06-24 15:25:30,401 - INFO - train Loss: 1.0711 Acc: 0.5680
2024-06-24 15:25:30,402 - DEBUG - Running validation phase for epoch 3
2024-06-24 15:25:45,520 - INFO - val Loss: 1.1594 Acc: 0.5487
2024-06-24 15:25:45,521 - INFO - Epoch 4/10
2024-06-24 15:25:45,521 - DEBUG - Running training phase for epoch 4
2024-06-24 15:28:24,936 - INFO - train Loss: 0.9923 Acc: 0.6052
2024-06-24 15:28:24,937 - DEBUG - Running validation phase for epoch 4
2024-06-24 15:28:40,059 - INFO - val Loss: 1.2530 Acc: 0.5237
2024-06-24 15:28:40,060 - INFO - Epoch 5/10
2024-06-24 15:28:40,061 - DEBUG - Running training phase for epoch 5
2024-06-24 15:31:19,435 - INFO - train Loss: 0.9181 Acc: 0.6416
2024-06-24 15:31:19,437 - DEBUG - Running validation phase for epoch 5
2024-06-24 15:31:33,438 - INFO - val Loss: 0.9067 Acc: 0.6342
2024-06-24 15:31:33,438 - INFO - Epoch 6/10
2024-06-24 15:31:33,438 - DEBUG - Running training phase for epoch 6
2024-06-24 15:34:23,518 - INFO - train Loss: 0.7391 Acc: 0.7159
2024-06-24 15:34:23,521 - DEBUG - Running validation phase for epoch 6
2024-06-24 15:34:38,124 - INFO - val Loss: 0.7589 Acc: 0.7075
2024-06-24 15:34:38,124 - INFO - Epoch 7/10
2024-06-24 15:34:38,124 - DEBUG - Running training phase for epoch 7
2024-06-24 15:37:23,888 - INFO - train Loss: 0.6313 Acc: 0.7635
2024-06-24 15:37:23,892 - DEBUG - Running validation phase for epoch 7
2024-06-24 15:37:38,442 - INFO - val Loss: 0.6944 Acc: 0.7347
2024-06-24 15:37:38,443 - INFO - Epoch 8/10
2024-06-24 15:37:38,443 - DEBUG - Running training phase for epoch 8
2024-06-24 15:40:34,939 - INFO - train Loss: 0.5206 Acc: 0.8076
2024-06-24 15:40:34,942 - DEBUG - Running validation phase for epoch 8
2024-06-24 15:40:49,546 - INFO - val Loss: 0.6595 Acc: 0.7554
2024-06-24 15:40:49,546 - INFO - Epoch 9/10
2024-06-24 15:40:49,546 - DEBUG - Running training phase for epoch 9
2024-06-24 15:43:55,638 - INFO - train Loss: 0.4787 Acc: 0.8238
2024-06-24 15:43:55,640 - DEBUG - Running validation phase for epoch 9
2024-06-24 15:44:11,148 - INFO - val Loss: 0.6883 Acc: 0.7597
2024-06-24 15:44:11,149 - INFO - Epoch 10/10
2024-06-24 15:44:11,149 - DEBUG - Running training phase for epoch 10
2024-06-24 15:47:05,563 - INFO - train Loss: 0.4126 Acc: 0.8497
2024-06-24 15:47:05,565 - DEBUG - Running validation phase for epoch 10
2024-06-24 15:47:20,994 - INFO - val Loss: 0.6151 Acc: 0.7869
2024-06-24 15:47:20,994 - INFO - Training completed
2024-06-24 15:47:20,994 - DEBUG - Training Losses: {"resnet18": [1.3791229537421117, 1.24237771308239, 1.0812275349397005, 0.9345171404429605, 0.7216801933082857, 0.5760092862451961, 0.4987347139716103, 0.36847329109877547, 0.2938431534750208, 0.25427476671883936], "mobilenet_v3_small": [1.3639550617856666, 1.127993616813133, 0.9956814412210062, 0.8607831999034434, 0.7429202707491338, 0.6549949403697087, 0.5686829077320283, 0.5018198779945187, 0.4368683548614723, 0.3879786986093921], "densenet121": [1.3412034496263068, 1.224103622379319, 1.0711323482436257, 0.9922921724968746, 0.9181170639137701, 0.7390737598744125, 0.6312594184848526, 0.5206017618721488, 0.47868726928394234, 0.4126260025580317], "custom": [1.3866623640060425, 1.2242882251739502, 1.0766593217849731, 0.9566929340362549, 0.7969467043876648, 0.6679645776748657, 0.5687010884284973, 0.4903707206249237, 0.41395971179008484, 0.35260558128356934]}
2024-06-24 15:47:20,994 - DEBUG - Validation Losses: {"resnet18": [1.3438245781323381, 1.2095878538102594, 1.141898609827493, 0.9463726803728643, 0.8935929949229, 0.7420621504310433, 0.6798789915783715, 0.738940187210345, 0.7423033583801212, 0.6649002681251701], "mobilenet_v3_small": [1.2623838854746054, 1.0652375662417812, 0.999084127513507, 0.8818528199013863, 0.7925077467474319, 0.831427083488639, 0.7460945795510562, 0.8136229145981884, 0.669745958015209, 0.6718586948627734], "densenet121": [4.580957968762813, 1.161099427638163, 1.1594225604661548, 1.252970929145813, 0.906717849105369, 0.7589225863318407, 0.6944131017459257, 0.659529367184821, 0.6882916453048473, 0.6151053157471519], "custom": [1.1557841300964355, 0.968687117099762, 0.88237065076828, 0.5866213440895081, 0.4949191212654114, 0.5052487254142761, 0.4909820258617401, 0.5313999056816101, 0.40344858169555664, 0.5106192231178284]}
2024-06-24 15:47:20,994 - DEBUG - Training Accuracies: {"resnet18": [0.40689233590586077, 0.48422098265454266, 0.561243982578131, 0.637655688851532, 0.7278979139604187, 0.7910903950485214, 0.8205853136700543, 0.8683426300909299, 0.8978375487124628, 0.9105983036601207], "mobilenet_v3_small": [0.41216474363872546, 0.5287690074119356, 0.593642546038053, 0.6613433177962864, 0.7147551004813938, 0.7499808970734316, 0.7855887521968365, 0.8111866737984259, 0.838618476350577, 0.8587911668067548], "densenet121": [0.4278291434247727, 0.4868189806678383, 0.5680446244364636, 0.6051807136853365, 0.6415526858714755, 0.7159012760754948, 0.7635057690838236, 0.8075953236035761, 0.8237946053335371, 0.84969817376022], "custom": [0.39944988489151, 0.48502445220947266, 0.5678483843803406, 0.6191167235374451, 0.6984260678291321, 0.7555776238441467, 0.798823356628418, 0.8293092846870422, 0.8578850626945496, 0.8846271634101868]}
2024-06-24 15:47:20,995 - DEBUG - Validation Accuracies: {"resnet18": [0.4161832061068702, 0.4961832061068702, 0.5187786259541984, 0.6280916030534351, 0.6638167938931298, 0.7196946564885496, 0.7612213740458015, 0.7474809160305343, 0.7551145038167939, 0.7835114503816794], "mobilenet_v3_small": [0.46595419847328245, 0.5596946564885497, 0.5972519083969465, 0.6442748091603053, 0.696793893129771, 0.6998473282442748, 0.72, 0.736793893129771, 0.7654961832061069, 0.7822900763358779], "densenet121": [0.39114503816793894, 0.5196946564885496, 0.5487022900763359, 0.5236641221374045, 0.6341984732824427, 0.7074809160305343, 0.7346564885496183, 0.7554198473282443, 0.7596946564885496, 0.7868702290076336], "custom": [0.4375, 0.59375, 0.71875, 0.78125, 0.78125, 0.78125, 0.75, 0.6875, 0.8125, 0.8125]}
2024-06-24 15:47:20,995 - DEBUG - Saving the models
